<?xml version="1.0" encoding="UTF-8"?>
<!-- Generated by org.testng.reporters.JUnitReportReporter -->
<testsuite hostname="GirishPC" failures="0" tests="2" name="com.shift.tests.ShiftTest" time="15.304" errors="0" timestamp="2023-11-09T01:13:23 EST" skipped="0">
  <testcase classname="com.shift.tests.ShiftTest" name="validateUrlTest" time="6.366"/>
  <system-out/>
  <testcase classname="com.shift.tests.ShiftTest" name="leadQaPositionTest" time="8.938"/>
  <system-out/>
</testsuite> <!-- com.shift.tests.ShiftTest -->
